Using pre-set license
Pro License: NO

 COMMAND LINE ARGUMENTS:
/Applications/Unity/Hub/Editor/2021.1.16f1/Unity.app/Contents/MacOS/Unity
-adb2
-batchMode
-noUpm
-name
AssetImportWorker0
-projectPath
/Users/kelliemogg/holbertonschool-unity/0x07-unity-animation
-logFile
Logs/AssetImportWorker0.log
-srvPort
57957
Successfully changed project path to: /Users/kelliemogg/holbertonschool-unity/0x07-unity-animation
/Users/kelliemogg/holbertonschool-unity/0x07-unity-animation
Using Asset Import Pipeline V2.
Refreshing native plugins compatible for Editor in 64.00 ms, found 2 plugins.
Preloading 0 native plugins for Editor in 0.00 ms.
Initialize engine version: 2021.1.16f1 (5fa502fca597)
[Subsystems] Discovering subsystems at path /Applications/Unity/Hub/Editor/2021.1.16f1/Unity.app/Contents/Resources/UnitySubsystems
[Subsystems] Discovering subsystems at path /Users/kelliemogg/holbertonschool-unity/0x07-unity-animation/Assets
GfxDevice: creating device client; threaded=0; jobified=0
2021-10-05 10:37:18.589 Unity[8860:599231] Color LCD preferred device: Intel(R) HD Graphics 615 (low power)
2021-10-05 10:37:18.589 Unity[8860:599231] Metal devices available: 1
2021-10-05 10:37:18.589 Unity[8860:599231] 0: Intel(R) HD Graphics 615 (low power)
2021-10-05 10:37:18.590 Unity[8860:599231] Using device Intel(R) HD Graphics 615 (low power)
Initializing Metal device caps: Intel(R) HD Graphics 615
Initialize mono
Mono path[0] = '/Applications/Unity/Hub/Editor/2021.1.16f1/Unity.app/Contents/Managed'
Mono path[1] = '/Applications/Unity/Hub/Editor/2021.1.16f1/Unity.app/Contents/MonoBleedingEdge/lib/mono/unityjit'
Mono config path = '/Applications/Unity/Hub/Editor/2021.1.16f1/Unity.app/Contents/MonoBleedingEdge/etc'
Using monoOptions --debugger-agent=transport=dt_socket,embedding=1,server=y,suspend=n,address=127.0.0.1:56860
Begin MonoManager ReloadAssembly
Registering precompiled unity dll's ...
Register platform support module: /Applications/Unity/Hub/Editor/2021.1.16f1/Unity.app/Contents/PlaybackEngines/MacStandaloneSupport/UnityEditor.OSXStandalone.Extensions.dll
Registered in 0.003272 seconds.
Native extension for OSXStandalone target not found
Refreshing native plugins compatible for Editor in 63.02 ms, found 2 plugins.
Preloading 0 native plugins for Editor in 0.00 ms.
Mono: successfully reloaded assembly
- Completed reload, in  7.308 seconds
Domain Reload Profiling:
	ReloadAssembly (7308ms)
		BeginReloadAssembly (379ms)
			ExecutionOrderSort (0ms)
			DisableScriptedObjects (0ms)
			BackupInstance (0ms)
			ReleaseScriptingObjects (0ms)
			CreateAndSetChildDomain (2ms)
		EndReloadAssembly (798ms)
			LoadAssemblies (390ms)
			RebuildTransferFunctionScriptingTraits (0ms)
			SetupTypeCache (333ms)
			ReleaseScriptCaches (0ms)
			RebuildScriptCaches (63ms)
			SetupLoadedEditorAssemblies (317ms)
				LogAssemblyErrors (0ms)
				InitializePlatformSupportModulesInManaged (9ms)
				SetLoadedEditorAssemblies (0ms)
				RefreshPlugins (63ms)
				BeforeProcessingInitializeOnLoad (2ms)
				ProcessInitializeOnLoadAttributes (190ms)
				ProcessInitializeOnLoadMethodAttributes (52ms)
				AfterProcessingInitializeOnLoad (0ms)
				EditorAssembliesLoaded (0ms)
			ExecutionOrderSort2 (0ms)
			AwakeInstancesAfterBackupRestoration (0ms)
Platform modules already initialized, skipping
Registering precompiled user dll's ...
Registered in 0.007425 seconds.
Begin MonoManager ReloadAssembly
Native extension for OSXStandalone target not found
Refreshing native plugins compatible for Editor in 49.98 ms, found 2 plugins.
Preloading 0 native plugins for Editor in 0.00 ms.
Mono: successfully reloaded assembly
- Completed reload, in  2.110 seconds
Domain Reload Profiling:
	ReloadAssembly (2110ms)
		BeginReloadAssembly (449ms)
			ExecutionOrderSort (0ms)
			DisableScriptedObjects (7ms)
			BackupInstance (0ms)
			ReleaseScriptingObjects (0ms)
			CreateAndSetChildDomain (43ms)
		EndReloadAssembly (1572ms)
			LoadAssemblies (441ms)
			RebuildTransferFunctionScriptingTraits (0ms)
			SetupTypeCache (491ms)
			ReleaseScriptCaches (0ms)
			RebuildScriptCaches (82ms)
			SetupLoadedEditorAssemblies (633ms)
				LogAssemblyErrors (0ms)
				InitializePlatformSupportModulesInManaged (4ms)
				SetLoadedEditorAssemblies (0ms)
				RefreshPlugins (50ms)
				BeforeProcessingInitializeOnLoad (61ms)
				ProcessInitializeOnLoadAttributes (505ms)
				ProcessInitializeOnLoadMethodAttributes (10ms)
				AfterProcessingInitializeOnLoad (2ms)
				EditorAssembliesLoaded (0ms)
			ExecutionOrderSort2 (0ms)
			AwakeInstancesAfterBackupRestoration (12ms)
Platform modules already initialized, skipping
========================================================================
Worker process is ready to serve import requests
Launching external process: /Applications/Unity/Hub/Editor/2021.1.16f1/Unity.app/Contents/Tools/UnityShaderCompiler
Launched and connected shader compiler UnityShaderCompiler after 0.06 seconds
Refreshing native plugins compatible for Editor in 1.10 ms, found 2 plugins.
Preloading 0 native plugins for Editor in 0.00 ms.
Unloading 1909 Unused Serialized files (Serialized files now loaded: 0)
System memory in use before: 189.7 MB.
System memory in use after: 189.7 MB.

Unloading 21 unused Assets to reduce memory usage. Loaded Objects now: 2360.
Total: 4.651007 ms (FindLiveObjects: 0.433342 ms CreateObjectMapping: 0.192983 ms MarkObjects: 3.945398 ms  DeleteObjects: 0.077865 ms)

AssetImportParameters requested are different than current active one (requested -> active):
  custom:video-decoder-ogg-theora: a1e56fd34408186e4bbccfd4996cb3dc -> 
  custom:container-muxer-webm: aa71ff27fc2769a1b78a27578f13a17b -> 
  custom:container-demuxer-webm: 4f35f7cbe854078d1ac9338744f61a02 -> 
  custom:container-demuxer-ogg: 62fdf1f143b41e24485cea50d1cbac27 -> 
  custom:video-encoder-webm-vp8: eb34c28f22e8b96e1ab97ce403110664 -> 
  custom:framework-osx-AVFoundation: b23960f63f64bdc6ff669e2cdcee2391 -> 
  custom:video-decoder-webm-vp8: 9c59270c3fd7afecdb556c50c9e8de78 -> 
  custom:audio-decoder-ogg-vorbis: bf7c407c2cedff20999df2af8eb42d56 -> 
  custom:audio-encoder-webm-vorbis: bf7c407c2cedff20999df2af8eb42d56 -> 
========================================================================
Received Import Request.
  path: Assets/Animations
  artifactKey: Guid(dec27ae286e3b4cce9fab36bf19ed4d3) Importer(815301076,1909f56bfc062723c751e8b465ee728b)
Start importing Assets/Animations using Guid(dec27ae286e3b4cce9fab36bf19ed4d3) Importer(815301076,1909f56bfc062723c751e8b465ee728b)  -> (artifact id: '32649c09e7d38efd51308f3c90f3b62d') in 0.007072 seconds 
========================================================================
Received Import Request.
  Time since last request: 5.344803 seconds.
  path: Assets/Animators 1
  artifactKey: Guid(53306f6fe333948b1905d886816c86ea) Importer(815301076,1909f56bfc062723c751e8b465ee728b)
Start importing Assets/Animators 1 using Guid(53306f6fe333948b1905d886816c86ea) Importer(815301076,1909f56bfc062723c751e8b465ee728b)  -> (artifact id: 'f04461c204ba93c5659138d801fb2244') in 0.002102 seconds 
========================================================================
Received Import Request.
  Time since last request: 321.528199 seconds.
  path: Assets/Animations/Intro01.anim
  artifactKey: Guid(987c2e562a7ba474889c359579303c6e) Importer(815301076,1909f56bfc062723c751e8b465ee728b)
Start importing Assets/Animations/Intro01.anim using Guid(987c2e562a7ba474889c359579303c6e) Importer(815301076,1909f56bfc062723c751e8b465ee728b)  -> (artifact id: 'c8cce21edc04e2c66d85683ff786be02') in 0.224438 seconds 
========================================================================
Received Import Request.
  Time since last request: 235.345753 seconds.
  path: Assets/Animators/CutsceneCamera.controller
  artifactKey: Guid(2bf6057d6f1fa430f8aa3f1ca179fe49) Importer(815301076,1909f56bfc062723c751e8b465ee728b)
Start importing Assets/Animators/CutsceneCamera.controller using Guid(2bf6057d6f1fa430f8aa3f1ca179fe49) Importer(815301076,1909f56bfc062723c751e8b465ee728b)  -> (artifact id: '076951f39ae9e61a54c45915653412e3') in 0.100136 seconds 
========================================================================
Received Import Request.
  Time since last request: 1998.946782 seconds.
  path: Assets/Animations/Intro01.anim
  artifactKey: Guid(987c2e562a7ba474889c359579303c6e) Importer(815301076,1909f56bfc062723c751e8b465ee728b)
Start importing Assets/Animations/Intro01.anim using Guid(987c2e562a7ba474889c359579303c6e) Importer(815301076,1909f56bfc062723c751e8b465ee728b)  -> (artifact id: '8910f5c461052b10f7e88377a4314157') in 0.014371 seconds 
========================================================================
Received Import Request.
  Time since last request: 1159.375701 seconds.
  path: Assets/Animations/Intro01.anim
  artifactKey: Guid(987c2e562a7ba474889c359579303c6e) Importer(815301076,1909f56bfc062723c751e8b465ee728b)
Start importing Assets/Animations/Intro01.anim using Guid(987c2e562a7ba474889c359579303c6e) Importer(815301076,1909f56bfc062723c751e8b465ee728b)  -> (artifact id: 'a523df6b8acaebd9d152462cea4a6468') in 0.033498 seconds 
========================================================================
Received Import Request.
  Time since last request: 47.188830 seconds.
  path: Assets/Animations/Intro01.anim
  artifactKey: Guid(987c2e562a7ba474889c359579303c6e) Importer(815301076,1909f56bfc062723c751e8b465ee728b)
Start importing Assets/Animations/Intro01.anim using Guid(987c2e562a7ba474889c359579303c6e) Importer(815301076,1909f56bfc062723c751e8b465ee728b)  -> (artifact id: 'cbaa76cd068f58352e4f4611eca4177a') in 0.005411 seconds 
