Using pre-set license

 COMMAND LINE ARGUMENTS:
/Applications/Unity/Hub/Editor/2020.3.14f1/Unity.app/Contents/MacOS/Unity
-adb2
-batchMode
-noUpm
-name
AssetImportWorker0
-projectPath
/Users/kelliemogg/holbertonschool-unity/0x01-unity_concepts/0x01-unity_concepts
-logFile
Logs/AssetImportWorker0.log
-srvPort
60881
Successfully changed project path to: /Users/kelliemogg/holbertonschool-unity/0x01-unity_concepts/0x01-unity_concepts
/Users/kelliemogg/holbertonschool-unity/0x01-unity_concepts/0x01-unity_concepts
Using Asset Import Pipeline V2.
Refreshing native plugins compatible for Editor in 53.36 ms, found 2 plugins.
Preloading 0 native plugins for Editor in 0.00 ms.
Initialize engine version: 2020.3.14f1 (d0d1bb862f9d)
[Subsystems] Discovering subsystems at path /Applications/Unity/Hub/Editor/2020.3.14f1/Unity.app/Contents/Resources/UnitySubsystems
[Subsystems] Discovering subsystems at path /Users/kelliemogg/holbertonschool-unity/0x01-unity_concepts/0x01-unity_concepts/Assets
GfxDevice: creating device client; threaded=0
2021-07-20 13:28:36.335 Unity[75478:36327802] Color LCD preferred device: Intel(R) HD Graphics 615 (low power)
2021-07-20 13:28:36.335 Unity[75478:36327802] Metal devices available: 1
2021-07-20 13:28:36.335 Unity[75478:36327802] 0: Intel(R) HD Graphics 615 (low power)
2021-07-20 13:28:36.337 Unity[75478:36327802] Using device Intel(R) HD Graphics 615 (low power)
Initializing Metal device caps: Intel(R) HD Graphics 615
Initialize mono
Mono path[0] = '/Applications/Unity/Hub/Editor/2020.3.14f1/Unity.app/Contents/Managed'
Mono path[1] = '/Applications/Unity/Hub/Editor/2020.3.14f1/Unity.app/Contents/MonoBleedingEdge/lib/mono/unityjit'
Mono config path = '/Applications/Unity/Hub/Editor/2020.3.14f1/Unity.app/Contents/MonoBleedingEdge/etc'
Using monoOptions --debugger-agent=transport=dt_socket,embedding=1,server=y,suspend=n,address=127.0.0.1:56478
Begin MonoManager ReloadAssembly
Registering precompiled unity dll's ...
Register platform support module: /Applications/Unity/Hub/Editor/2020.3.14f1/PlaybackEngines/WebGLSupport/UnityEditor.WebGL.Extensions.dll
Register platform support module: /Applications/Unity/Hub/Editor/2020.3.14f1/Unity.app/Contents/PlaybackEngines/MacStandaloneSupport/UnityEditor.OSXStandalone.Extensions.dll
Registered in 0.005035 seconds.
Native extension for OSXStandalone target not found
Native extension for WebGL target not found
Refreshing native plugins compatible for Editor in 40.59 ms, found 2 plugins.
Preloading 0 native plugins for Editor in 0.00 ms.
Mono: successfully reloaded assembly
- Completed reload, in  1.950 seconds
Domain Reload Profiling:
	ReloadAssembly (1951ms)
		BeginReloadAssembly (53ms)
			ExecutionOrderSort (0ms)
			DisableScriptedObjects (0ms)
			BackupInstance (0ms)
			ReleaseScriptingObjects (0ms)
			CreateAndSetChildDomain (1ms)
		EndReloadAssembly (734ms)
			LoadAssemblies (62ms)
			RebuildTransferFunctionScriptingTraits (0ms)
			SetupTypeCache (295ms)
			ReleaseScriptCaches (0ms)
			RebuildScriptCaches (74ms)
			SetupLoadedEditorAssemblies (259ms)
				LogAssemblyErrors (0ms)
				InitializePlatformSupportModulesInManaged (6ms)
				SetLoadedEditorAssemblies (0ms)
				RefreshPlugins (41ms)
				BeforeProcessingInitializeOnLoad (10ms)
				ProcessInitializeOnLoadAttributes (154ms)
				ProcessInitializeOnLoadMethodAttributes (48ms)
				AfterProcessingInitializeOnLoad (0ms)
				EditorAssembliesLoaded (0ms)
			ExecutionOrderSort2 (0ms)
			AwakeInstancesAfterBackupRestoration (0ms)
Platform modules already initialized, skipping
Registering precompiled user dll's ...
Registered in 0.009513 seconds.
Begin MonoManager ReloadAssembly
Native extension for OSXStandalone target not found
Native extension for WebGL target not found
Refreshing native plugins compatible for Editor in 0.41 ms, found 2 plugins.
Preloading 0 native plugins for Editor in 0.00 ms.
Mono: successfully reloaded assembly
- Completed reload, in  1.595 seconds
Domain Reload Profiling:
	ReloadAssembly (1596ms)
		BeginReloadAssembly (207ms)
			ExecutionOrderSort (0ms)
			DisableScriptedObjects (7ms)
			BackupInstance (0ms)
			ReleaseScriptingObjects (0ms)
			CreateAndSetChildDomain (42ms)
		EndReloadAssembly (1300ms)
			LoadAssemblies (197ms)
			RebuildTransferFunctionScriptingTraits (0ms)
			SetupTypeCache (464ms)
			ReleaseScriptCaches (0ms)
			RebuildScriptCaches (70ms)
			SetupLoadedEditorAssemblies (410ms)
				LogAssemblyErrors (0ms)
				InitializePlatformSupportModulesInManaged (7ms)
				SetLoadedEditorAssemblies (1ms)
				RefreshPlugins (0ms)
				BeforeProcessingInitializeOnLoad (70ms)
				ProcessInitializeOnLoadAttributes (324ms)
				ProcessInitializeOnLoadMethodAttributes (6ms)
				AfterProcessingInitializeOnLoad (1ms)
				EditorAssembliesLoaded (0ms)
			ExecutionOrderSort2 (0ms)
			AwakeInstancesAfterBackupRestoration (9ms)
Platform modules already initialized, skipping
========================================================================
Worker process is ready to serve import requests
Launching external process: /Applications/Unity/Hub/Editor/2020.3.14f1/Unity.app/Contents/Tools/UnityShaderCompiler
Launched and connected shader compiler UnityShaderCompiler after 0.03 seconds
Refreshing native plugins compatible for Editor in 0.39 ms, found 2 plugins.
Preloading 0 native plugins for Editor in 0.00 ms.
Unloading 1390 Unused Serialized files (Serialized files now loaded: 0)
System memory in use before: 131.9 MB.
System memory in use after: 132.0 MB.

Unloading 19 unused Assets to reduce memory usage. Loaded Objects now: 1823.
Total: 2.403362 ms (FindLiveObjects: 0.193403 ms CreateObjectMapping: 0.053718 ms MarkObjects: 2.052534 ms  DeleteObjects: 0.102591 ms)

AssetImportParameters requested are different than current active one (requested -> active):
  custom:video-decoder-ogg-theora: a1e56fd34408186e4bbccfd4996cb3dc -> 
  custom:container-muxer-webm: aa71ff27fc2769a1b78a27578f13a17b -> 
  custom:container-demuxer-webm: 4f35f7cbe854078d1ac9338744f61a02 -> 
  custom:container-demuxer-ogg: 62fdf1f143b41e24485cea50d1cbac27 -> 
  custom:video-encoder-webm-vp8: eb34c28f22e8b96e1ab97ce403110664 -> 
  custom:framework-osx-AVFoundation: b23960f63f64bdc6ff669e2cdcee2391 -> 
  custom:video-decoder-webm-vp8: 9c59270c3fd7afecdb556c50c9e8de78 -> 
  custom:audio-decoder-ogg-vorbis: bf7c407c2cedff20999df2af8eb42d56 -> 
  custom:audio-encoder-webm-vorbis: bf7c407c2cedff20999df2af8eb42d56 -> 
========================================================================
Received Import Request.
  path: Assets/Scenes/SampleScene.unity
  artifactKey: Guid(9fc0d4010bbf28b4594072e72b8655ab) Importer(815301076,1909f56bfc062723c751e8b465ee728b)
Start importing Assets/Scenes/SampleScene.unity using Guid(9fc0d4010bbf28b4594072e72b8655ab) Importer(815301076,1909f56bfc062723c751e8b465ee728b)  -> (artifact id: '85059f4f9e1a832ed95adaa0d25c5c4c') in 0.016436 seconds 
  Import took 0.026371 seconds .

========================================================================
Received Import Request.
  Time since last request: 6.968870 seconds.
  path: Assets/Scenes/0-floor.unity
  artifactKey: Guid(9fc0d4010bbf28b4594072e72b8655ab) Importer(815301076,1909f56bfc062723c751e8b465ee728b)
Start importing Assets/Scenes/0-floor.unity using Guid(9fc0d4010bbf28b4594072e72b8655ab) Importer(815301076,1909f56bfc062723c751e8b465ee728b)  -> (artifact id: '796afbc72bdb3c0d2590bf12351236d7') in 0.002399 seconds 
  Import took 0.006034 seconds .

========================================================================
Received Import Request.
  Time since last request: 109.194947 seconds.
  path: Assets/Scenes/0-floor 1.unity
  artifactKey: Guid(0320b45114c2b4e4faa0f39aeb8f820b) Importer(815301076,1909f56bfc062723c751e8b465ee728b)
Start importing Assets/Scenes/0-floor 1.unity using Guid(0320b45114c2b4e4faa0f39aeb8f820b) Importer(815301076,1909f56bfc062723c751e8b465ee728b)  -> (artifact id: '88fe4bdad64503c1393e79f3da924285') in 0.002618 seconds 
  Import took 0.007032 seconds .

========================================================================
Received Import Request.
  Time since last request: 15.879941 seconds.
  path: Assets/Scenes/1-ball.unity
  artifactKey: Guid(0320b45114c2b4e4faa0f39aeb8f820b) Importer(815301076,1909f56bfc062723c751e8b465ee728b)
Start importing Assets/Scenes/1-ball.unity using Guid(0320b45114c2b4e4faa0f39aeb8f820b) Importer(815301076,1909f56bfc062723c751e8b465ee728b)  -> (artifact id: '27a4e27bcf92fe10575db8dd4150e718') in 0.001958 seconds 
  Import took 0.005738 seconds .

========================================================================
Received Import Request.
  Time since last request: 43.888172 seconds.
  path: Assets/Scenes/0-floor.unity
  artifactKey: Guid(9fc0d4010bbf28b4594072e72b8655ab) Importer(815301076,1909f56bfc062723c751e8b465ee728b)
Start importing Assets/Scenes/0-floor.unity using Guid(9fc0d4010bbf28b4594072e72b8655ab) Importer(815301076,1909f56bfc062723c751e8b465ee728b)  -> (artifact id: '9c222ca4bade525529a8cabb71f8dedd') in 0.003911 seconds 
  Import took 0.008558 seconds .

========================================================================
Received Import Request.
  Time since last request: 205.003100 seconds.
  path: Assets/Scenes/1-ball 1.unity
  artifactKey: Guid(32cb6c12b979d44169cb972b2439aa03) Importer(815301076,1909f56bfc062723c751e8b465ee728b)
Start importing Assets/Scenes/1-ball 1.unity using Guid(32cb6c12b979d44169cb972b2439aa03) Importer(815301076,1909f56bfc062723c751e8b465ee728b)  -> (artifact id: '6ccb268d2660fa5cfa8dcfa1836533c8') in 0.003044 seconds 
  Import took 0.012550 seconds .

========================================================================
Received Import Request.
  Time since last request: 17.339496 seconds.
  path: Assets/Scenes/2-colors.unity
  artifactKey: Guid(32cb6c12b979d44169cb972b2439aa03) Importer(815301076,1909f56bfc062723c751e8b465ee728b)
Start importing Assets/Scenes/2-colors.unity using Guid(32cb6c12b979d44169cb972b2439aa03) Importer(815301076,1909f56bfc062723c751e8b465ee728b)  -> (artifact id: '70c808cef9b15e9e740f5478505dcb0f') in 0.002372 seconds 
  Import took 0.006726 seconds .

========================================================================
Received Import Request.
  Time since last request: 99.607729 seconds.
  path: Assets/Scenes/New Folder
  artifactKey: Guid(d4260e84e8cb847ee80403cb0cb53dc6) Importer(815301076,1909f56bfc062723c751e8b465ee728b)
Start importing Assets/Scenes/New Folder using Guid(d4260e84e8cb847ee80403cb0cb53dc6) Importer(815301076,1909f56bfc062723c751e8b465ee728b)  -> (artifact id: 'ed96d20841a7f5b6a9827cf1677c1967') in 0.002687 seconds 
  Import took 0.009814 seconds .

========================================================================
Received Import Request.
  Time since last request: 47.795038 seconds.
  path: Assets/Scenes/Materials
  artifactKey: Guid(d4260e84e8cb847ee80403cb0cb53dc6) Importer(815301076,1909f56bfc062723c751e8b465ee728b)
Start importing Assets/Scenes/Materials using Guid(d4260e84e8cb847ee80403cb0cb53dc6) Importer(815301076,1909f56bfc062723c751e8b465ee728b)  -> (artifact id: '3f3e7ade319ce697cc3078bb71fef4e3') in 0.002069 seconds 
  Import took 0.006821 seconds .

========================================================================
Received Import Request.
  Time since last request: 87.482599 seconds.
  path: Assets/Materials/floor.mat
  artifactKey: Guid(dbf389b61dc224620ad4e2608343da64) Importer(815301076,1909f56bfc062723c751e8b465ee728b)
Start importing Assets/Materials/floor.mat using Guid(dbf389b61dc224620ad4e2608343da64) Importer(815301076,1909f56bfc062723c751e8b465ee728b)  -> (artifact id: '25827bd62b55c12d4a24afb8a6600fa4') in 0.551145 seconds 
  Import took 0.562960 seconds .

========================================================================
Received Import Request.
  Time since last request: 109.003529 seconds.
  path: Assets/Materials/floor.mat
  artifactKey: Guid(dbf389b61dc224620ad4e2608343da64) Importer(815301076,1909f56bfc062723c751e8b465ee728b)
Start importing Assets/Materials/floor.mat using Guid(dbf389b61dc224620ad4e2608343da64) Importer(815301076,1909f56bfc062723c751e8b465ee728b)  -> (artifact id: 'f4549858f1099f9ae7654dcdfb7560fb') in 0.026891 seconds 
  Import took 0.030852 seconds .

========================================================================
Received Import Request.
  Time since last request: 0.003176 seconds.
  path: Assets/Materials/floor.mat
  artifactKey: Guid(dbf389b61dc224620ad4e2608343da64) Importer(815301076,1909f56bfc062723c751e8b465ee728b)
Start importing Assets/Materials/floor.mat using Guid(dbf389b61dc224620ad4e2608343da64) Importer(815301076,1909f56bfc062723c751e8b465ee728b)  -> (artifact id: 'f4549858f1099f9ae7654dcdfb7560fb') in 0.016455 seconds 
  Import took 0.020054 seconds .

========================================================================
Received Import Request.
  Time since last request: 423.616183 seconds.
  path: Assets/Scenes/2-colors.unity
  artifactKey: Guid(32cb6c12b979d44169cb972b2439aa03) Importer(815301076,1909f56bfc062723c751e8b465ee728b)
Start importing Assets/Scenes/2-colors.unity using Guid(32cb6c12b979d44169cb972b2439aa03) Importer(815301076,1909f56bfc062723c751e8b465ee728b)  -> (artifact id: 'ffe7937c2df4ecd1803f11e946dc82f4') in 0.019557 seconds 
  Import took 0.051776 seconds .

========================================================================
Received Import Request.
  Time since last request: 18.179901 seconds.
  path: Assets/Materials/ball.mat
  artifactKey: Guid(4feebd389126a4749b10cd6597626cb7) Importer(815301076,1909f56bfc062723c751e8b465ee728b)
Start importing Assets/Materials/ball.mat using Guid(4feebd389126a4749b10cd6597626cb7) Importer(815301076,1909f56bfc062723c751e8b465ee728b)  -> (artifact id: '76ef4f96144468ac04ee1e0d9bc06e96') in 0.052927 seconds 
  Import took 0.063669 seconds .

========================================================================
Received Import Request.
  Time since last request: 86.116943 seconds.
  path: Assets/Scenes/1-ball.unity
  artifactKey: Guid(0320b45114c2b4e4faa0f39aeb8f820b) Importer(815301076,1909f56bfc062723c751e8b465ee728b)
Start importing Assets/Scenes/1-ball.unity using Guid(0320b45114c2b4e4faa0f39aeb8f820b) Importer(815301076,1909f56bfc062723c751e8b465ee728b)  -> (artifact id: '76d5da3465200981c6de7123186b0b17') in 0.002490 seconds 
  Import took 0.006324 seconds .

========================================================================
Received Import Request.
  Time since last request: 240.948692 seconds.
  path: Assets/Scenes
  artifactKey: Guid(3adb4be86695948298e89b826d0776fb) Importer(815301076,1909f56bfc062723c751e8b465ee728b)
Start importing Assets/Scenes using Guid(3adb4be86695948298e89b826d0776fb) Importer(815301076,1909f56bfc062723c751e8b465ee728b)  -> (artifact id: '286c1411660729ecebfe509651449450') in 0.003062 seconds 
  Import took 0.014412 seconds .

========================================================================
Received Import Request.
  Time since last request: 79.204338 seconds.
  path: Assets/Scenes/0-floor.unity
  artifactKey: Guid(9fc0d4010bbf28b4594072e72b8655ab) Importer(815301076,1909f56bfc062723c751e8b465ee728b)
Start importing Assets/Scenes/0-floor.unity using Guid(9fc0d4010bbf28b4594072e72b8655ab) Importer(815301076,1909f56bfc062723c751e8b465ee728b)  -> (artifact id: 'e3f0445a301351177850e3198a518c07') in 0.008783 seconds 
  Import took 0.026908 seconds .

========================================================================
Received Import Request.
  Time since last request: 25.296131 seconds.
  path: Assets/Materials/ball.mat
  artifactKey: Guid(4feebd389126a4749b10cd6597626cb7) Importer(815301076,1909f56bfc062723c751e8b465ee728b)
Start importing Assets/Materials/ball.mat using Guid(4feebd389126a4749b10cd6597626cb7) Importer(815301076,1909f56bfc062723c751e8b465ee728b)  -> (artifact id: 'fcbc2d6bcf18a72287cf1e0b640304ae') in 0.023041 seconds 
  Import took 0.028522 seconds .

========================================================================
Received Import Request.
  Time since last request: 35.299321 seconds.
  path: Assets/Scenes/2-colors 1.unity
  artifactKey: Guid(ddb7cd0b208c24e91945616076027780) Importer(815301076,1909f56bfc062723c751e8b465ee728b)
Start importing Assets/Scenes/2-colors 1.unity using Guid(ddb7cd0b208c24e91945616076027780) Importer(815301076,1909f56bfc062723c751e8b465ee728b)  -> (artifact id: '315344b449f7d0eac72141f1f3ce4a6e') in 0.002538 seconds 
  Import took 0.007816 seconds .

========================================================================
Received Import Request.
  Time since last request: 8.105956 seconds.
  path: Assets/Scenes/3-gravity.unity
  artifactKey: Guid(ddb7cd0b208c24e91945616076027780) Importer(815301076,1909f56bfc062723c751e8b465ee728b)
Start importing Assets/Scenes/3-gravity.unity using Guid(ddb7cd0b208c24e91945616076027780) Importer(815301076,1909f56bfc062723c751e8b465ee728b)  -> (artifact id: 'bc3111d6a2b9b54578f8082fe80919b8') in 0.002757 seconds 
  Import took 0.007382 seconds .

========================================================================
Received Import Request.
  Time since last request: 59.437257 seconds.
  path: Assets/Scenes/1-ball.unity
  artifactKey: Guid(0320b45114c2b4e4faa0f39aeb8f820b) Importer(815301076,1909f56bfc062723c751e8b465ee728b)
Start importing Assets/Scenes/1-ball.unity using Guid(0320b45114c2b4e4faa0f39aeb8f820b) Importer(815301076,1909f56bfc062723c751e8b465ee728b)  -> (artifact id: 'f3ed9628bd5479abe1efe4408cb6d9bf') in 0.002672 seconds 
  Import took 0.007273 seconds .

AssetImportWorkerClient::OnTransportError - code=2 error=End of file
